This is pdfTeX, Version 3.141592653-2.6-1.40.25 (TeX Live 2023) (preloaded format=pdflatex 2023.11.25)  26 MAY 2024 23:33
entering extended mode
 restricted \write18 enabled.
 %&-line parsing enabled.
**georep-min.tex
(./georep-min.tex
LaTeX2e <2023-11-01>
L3 programming layer <2023-11-09>
(/usr/local/texlive/2023/texmf-dist/tex/latex/base/article.cls
Document Class: article 2023/05/17 v1.4n Standard LaTeX document class
(/usr/local/texlive/2023/texmf-dist/tex/latex/base/size12.clo
File: size12.clo 2023/05/17 v1.4n Standard LaTeX file (size option)
)
\c@part=\count186
\c@section=\count187
\c@subsection=\count188
\c@subsubsection=\count189
\c@paragraph=\count190
\c@subparagraph=\count191
\c@figure=\count192
\c@table=\count193
\abovecaptionskip=\skip48
\belowcaptionskip=\skip49
\bibindent=\dimen140
)
(/usr/local/texlive/2023/texmf-dist/tex/latex/amsmath/amsmath.sty
Package: amsmath 2023/05/13 v2.17o AMS math features
\@mathmargin=\skip50

For additional information on amsmath, use the `?' option.
(/usr/local/texlive/2023/texmf-dist/tex/latex/amsmath/amstext.sty
Package: amstext 2021/08/26 v2.01 AMS text

(/usr/local/texlive/2023/texmf-dist/tex/latex/amsmath/amsgen.sty
File: amsgen.sty 1999/11/30 v2.0 generic functions
\@emptytoks=\toks17
\ex@=\dimen141
))
(/usr/local/texlive/2023/texmf-dist/tex/latex/amsmath/amsbsy.sty
Package: amsbsy 1999/11/29 v1.2d Bold Symbols
\pmbraise@=\dimen142
)
(/usr/local/texlive/2023/texmf-dist/tex/latex/amsmath/amsopn.sty
Package: amsopn 2022/04/08 v2.04 operator names
)
\inf@bad=\count194
LaTeX Info: Redefining \frac on input line 234.
\uproot@=\count195
\leftroot@=\count196
LaTeX Info: Redefining \overline on input line 399.
LaTeX Info: Redefining \colon on input line 410.
\classnum@=\count197
\DOTSCASE@=\count198
LaTeX Info: Redefining \ldots on input line 496.
LaTeX Info: Redefining \dots on input line 499.
LaTeX Info: Redefining \cdots on input line 620.
\Mathstrutbox@=\box51
\strutbox@=\box52
LaTeX Info: Redefining \big on input line 722.
LaTeX Info: Redefining \Big on input line 723.
LaTeX Info: Redefining \bigg on input line 724.
LaTeX Info: Redefining \Bigg on input line 725.
\big@size=\dimen143
LaTeX Font Info:    Redeclaring font encoding OML on input line 743.
LaTeX Font Info:    Redeclaring font encoding OMS on input line 744.
\macc@depth=\count199
LaTeX Info: Redefining \bmod on input line 905.
LaTeX Info: Redefining \pmod on input line 910.
LaTeX Info: Redefining \smash on input line 940.
LaTeX Info: Redefining \relbar on input line 970.
LaTeX Info: Redefining \Relbar on input line 971.
\c@MaxMatrixCols=\count266
\dotsspace@=\muskip16
\c@parentequation=\count267
\dspbrk@lvl=\count268
\tag@help=\toks18
\row@=\count269
\column@=\count270
\maxfields@=\count271
\andhelp@=\toks19
\eqnshift@=\dimen144
\alignsep@=\dimen145
\tagshift@=\dimen146
\tagwidth@=\dimen147
\totwidth@=\dimen148
\lineht@=\dimen149
\@envbody=\toks20
\multlinegap=\skip51
\multlinetaggap=\skip52
\mathdisplay@stack=\toks21
LaTeX Info: Redefining \[ on input line 2953.
LaTeX Info: Redefining \] on input line 2954.
)
(/usr/local/texlive/2023/texmf-dist/tex/latex/amscls/amsthm.sty
Package: amsthm 2020/05/29 v2.20.6
\thm@style=\toks22
\thm@bodyfont=\toks23
\thm@headfont=\toks24
\thm@notefont=\toks25
\thm@headpunct=\toks26
\thm@preskip=\skip53
\thm@postskip=\skip54
\thm@headsep=\skip55
\dth@everypar=\toks27
)
(/usr/local/texlive/2023/texmf-dist/tex/latex/amsfonts/amsfonts.sty
Package: amsfonts 2013/01/14 v3.01 Basic AMSFonts support
\symAMSa=\mathgroup4
\symAMSb=\mathgroup5
LaTeX Font Info:    Redeclaring math symbol \hbar on input line 98.
LaTeX Font Info:    Overwriting math alphabet `\mathfrak' in version `bold'
(Font)                  U/euf/m/n --> U/euf/b/n on input line 106.
)
(/usr/local/texlive/2023/texmf-dist/tex/latex/amsfonts/amssymb.sty
Package: amssymb 2013/01/14 v3.01 AMS font symbols
)
(/usr/local/texlive/2023/texmf-dist/tex/latex/mathtools/mathtools.sty
Package: mathtools 2022/06/29 v1.29 mathematical typesetting tools

(/usr/local/texlive/2023/texmf-dist/tex/latex/graphics/keyval.sty
Package: keyval 2022/05/29 v1.15 key=value parser (DPC)
\KV@toks@=\toks28
)
(/usr/local/texlive/2023/texmf-dist/tex/latex/tools/calc.sty
Package: calc 2023/07/08 v4.3 Infix arithmetic (KKT,FJ)
\calc@Acount=\count272
\calc@Bcount=\count273
\calc@Adimen=\dimen150
\calc@Bdimen=\dimen151
\calc@Askip=\skip56
\calc@Bskip=\skip57
LaTeX Info: Redefining \setlength on input line 80.
LaTeX Info: Redefining \addtolength on input line 81.
\calc@Ccount=\count274
\calc@Cskip=\skip58
)
(/usr/local/texlive/2023/texmf-dist/tex/latex/mathtools/mhsetup.sty
Package: mhsetup 2021/03/18 v1.4 programming setup (MH)
)
\g_MT_multlinerow_int=\count275
\l_MT_multwidth_dim=\dimen152
\origjot=\skip59
\l_MT_shortvdotswithinadjustabove_dim=\dimen153
\l_MT_shortvdotswithinadjustbelow_dim=\dimen154
\l_MT_above_intertext_sep=\dimen155
\l_MT_below_intertext_sep=\dimen156
\l_MT_above_shortintertext_sep=\dimen157
\l_MT_below_shortintertext_sep=\dimen158
\xmathstrut@box=\box53
\xmathstrut@dim=\dimen159
)
(/usr/local/texlive/2023/texmf-dist/tex/latex/base/inputenc.sty
Package: inputenc 2021/02/14 v1.3d Input encoding file
\inpenc@prehook=\toks29
\inpenc@posthook=\toks30
)
(/usr/local/texlive/2023/texmf-dist/tex/generic/xypic/xy.sty
(/usr/local/texlive/2023/texmf-dist/tex/generic/xypic/xy.tex Bootstrap'ing:
catcodes, docmode,
(/usr/local/texlive/2023/texmf-dist/tex/generic/xypic/xyrecat.tex)
(/usr/local/texlive/2023/texmf-dist/tex/generic/xypic/xyidioms.tex)

 Xy-pic version 3.8.9 <2013/10/06>
 Copyright (c) 1991-2013 by Kristoffer H. Rose <krisrose@tug.org> and others
 Xy-pic is free software: see the User's Guide for details.

Loading kernel: messages; fonts; allocations: state,
\X@c=\dimen160
\Y@c=\dimen161
\U@c=\dimen162
\D@c=\dimen163
\L@c=\dimen164
\R@c=\dimen165
\Edge@c=\toks31
\X@p=\dimen166
\Y@p=\dimen167
\U@p=\dimen168
\D@p=\dimen169
\L@p=\dimen170
\R@p=\dimen171
\Edge@p=\toks32
\X@origin=\dimen172
\Y@origin=\dimen173
\X@xbase=\dimen174
\Y@xbase=\dimen175
\X@ybase=\dimen176
\Y@ybase=\dimen177
\X@min=\dimen178
\Y@min=\dimen179
\X@max=\dimen180
\Y@max=\dimen181
\lastobjectbox@=\box54
\zerodotbox@=\box55
\almostz@=\dimen182
 direction,
\d@X=\dimen183
\d@Y=\dimen184
\K@=\count276
\KK@=\count277
\Direction=\count278
\K@dXdY=\dimen185
\K@dYdX=\dimen186
\xyread@=\read2
\xywrite@=\write3
\csp@=\count279
\quotPTK@=\dimen187

utility macros; pictures: \xy, positions,
\swaptoks@@=\toks33
\connectobjectbox@@=\box56
 objects,
\styletoks@=\toks34
 decorations;
kernel objects: directionals, circles, text; options; algorithms: directions,
edges, connections;  Xy-pic loaded)
(/usr/local/texlive/2023/texmf-dist/tex/generic/iftex/ifpdf.sty
Package: ifpdf 2019/10/25 v3.4 ifpdf legacy package. Use iftex instead.

(/usr/local/texlive/2023/texmf-dist/tex/generic/iftex/iftex.sty
Package: iftex 2022/02/03 v1.0f TeX engine tests
))
Package: xy 2013/10/06 Xy-pic version 3.8.9

(/usr/local/texlive/2023/texmf-dist/tex/generic/xypic/xycmtip.tex
 Xy-pic option: Computer Modern tip extension v.3.7
(/usr/local/texlive/2023/texmf-dist/tex/generic/xypic/xytips.tex
 Xy-pic option: More Tips extension v.3.11 loaded) loaded)
(/usr/local/texlive/2023/texmf-dist/tex/generic/xypic/xyall.tex
 Xy-pic option: All features v.3.8
(/usr/local/texlive/2023/texmf-dist/tex/generic/xypic/xycurve.tex
 Xy-pic option: Curve and Spline extension v.3.12 curve,
\crv@cnt@=\count280
\crvpts@=\toks35
\splinebox@=\box57
\splineval@=\dimen188
\splinedepth@=\dimen189
\splinetol@=\dimen190
\splinelength@=\dimen191
 circles,
\L@=\dimen192
 loaded)
(/usr/local/texlive/2023/texmf-dist/tex/generic/xypic/xyframe.tex
 Xy-pic option: Frame and Bracket extension v.3.14 loaded)
(/usr/local/texlive/2023/texmf-dist/tex/generic/xypic/xyline.tex
 Xy-pic option: Line styles extension v.3.10
\xylinethick@=\dimen193
 loaded)
(/usr/local/texlive/2023/texmf-dist/tex/generic/xypic/xyrotate.tex
 Xy-pic option: Rotate and Scale extension v.3.8 loaded)
(/usr/local/texlive/2023/texmf-dist/tex/generic/xypic/xycolor.tex
 Xy-pic option: Colour extension v.3.11 loaded)
(/usr/local/texlive/2023/texmf-dist/tex/generic/xypic/xymatrix.tex
 Xy-pic option: Matrix feature v.3.14
\Row=\count281
\Col=\count282
\queue@=\toks36
\queue@@=\toks37
\qcount@=\count283
\qcount@@=\count284
\matrixsize@=\count285
 loaded)
(/usr/local/texlive/2023/texmf-dist/tex/generic/xypic/xyarrow.tex
 Xy-pic option: Arrow and Path feature v.3.9 path, \ar, loaded)
(/usr/local/texlive/2023/texmf-dist/tex/generic/xypic/xygraph.tex
 Xy-pic option: Graph feature v.3.11 loaded) loaded)
(/usr/local/texlive/2023/texmf-dist/tex/generic/xypic/xypdf.tex
 Xy-pic option: PDF driver v.1.7 Xy-pic pdf driver: `color' extension support
(/usr/local/texlive/2023/texmf-dist/tex/generic/xypic/xypdf-co.tex loaded)
Xy-pic pdf driver: `curve' extension support
(/usr/local/texlive/2023/texmf-dist/tex/generic/xypic/xypdf-cu.tex loaded)
Xy-pic pdf driver: `frame' extension support
(/usr/local/texlive/2023/texmf-dist/tex/generic/xypic/xypdf-fr.tex loaded)
Xy-pic pdf driver: `line' extension support
(/usr/local/texlive/2023/texmf-dist/tex/generic/xypic/xypdf-li.tex loaded)
Xy-pic pdf driver: `rotate' extension support
(/usr/local/texlive/2023/texmf-dist/tex/generic/xypic/xypdf-ro.tex loaded)
loaded)) (/usr/local/texlive/2023/texmf-dist/tex/latex/xcolor/xcolor.sty
Package: xcolor 2023/11/15 v3.01 LaTeX color extensions (UK)

(/usr/local/texlive/2023/texmf-dist/tex/latex/graphics-cfg/color.cfg
File: color.cfg 2016/01/02 v1.6 sample color configuration
)
Package xcolor Info: Driver file: pdftex.def on input line 274.

(/usr/local/texlive/2023/texmf-dist/tex/latex/graphics-def/pdftex.def
File: pdftex.def 2022/09/22 v1.2b Graphics/color driver for pdftex
)
(/usr/local/texlive/2023/texmf-dist/tex/latex/graphics/mathcolor.ltx)
Package xcolor Info: Model `cmy' substituted by `cmy0' on input line 1350.
Package xcolor Info: Model `hsb' substituted by `rgb' on input line 1354.
Package xcolor Info: Model `RGB' extended on input line 1366.
Package xcolor Info: Model `HTML' substituted by `rgb' on input line 1368.
Package xcolor Info: Model `Hsb' substituted by `hsb' on input line 1369.
Package xcolor Info: Model `tHsb' substituted by `hsb' on input line 1370.
Package xcolor Info: Model `HSB' substituted by `hsb' on input line 1371.
Package xcolor Info: Model `Gray' substituted by `gray' on input line 1372.
Package xcolor Info: Model `wave' substituted by `hsb' on input line 1373.
)
(/usr/local/texlive/2023/texmf-dist/tex/latex/graphics/graphicx.sty
Package: graphicx 2021/09/16 v1.2d Enhanced LaTeX Graphics (DPC,SPQR)

(/usr/local/texlive/2023/texmf-dist/tex/latex/graphics/graphics.sty
Package: graphics 2022/03/10 v1.4e Standard LaTeX Graphics (DPC,SPQR)

(/usr/local/texlive/2023/texmf-dist/tex/latex/graphics/trig.sty
Package: trig 2021/08/11 v1.11 sin cos tan (DPC)
)
(/usr/local/texlive/2023/texmf-dist/tex/latex/graphics-cfg/graphics.cfg
File: graphics.cfg 2016/06/04 v1.11 sample graphics configuration
)
Package graphics Info: Driver file: pdftex.def on input line 107.
)
\Gin@req@height=\dimen194
\Gin@req@width=\dimen195
)
(/usr/local/texlive/2023/texmf-dist/tex/latex/url/url.sty
\Urlmuskip=\muskip17
Package: url 2013/09/16  ver 3.4  Verb mode for urls, etc.
)
(/usr/local/texlive/2023/texmf-dist/tex/latex/csquotes/csquotes.sty
Package: csquotes 2022-09-14 v5.2n context-sensitive quotations (JAW)

(/usr/local/texlive/2023/texmf-dist/tex/latex/etoolbox/etoolbox.sty
Package: etoolbox 2020/10/05 v2.5k e-TeX tools for LaTeX (JAW)
\etb@tempcnta=\count286
)
\csq@reset=\count287
\csq@gtype=\count288
\csq@glevel=\count289
\csq@qlevel=\count290
\csq@maxlvl=\count291
\csq@tshold=\count292
\csq@ltx@everypar=\toks38

(/usr/local/texlive/2023/texmf-dist/tex/latex/csquotes/csquotes.def
File: csquotes.def 2022-09-14 v5.2n csquotes generic definitions (JAW)
)
Package csquotes Info: Trying to load configuration file 'csquotes.cfg'...
Package csquotes Info: ... configuration file loaded successfully.

(/usr/local/texlive/2023/texmf-dist/tex/latex/csquotes/csquotes.cfg
File: csquotes.cfg 
))
(/usr/local/texlive/2023/texmf-dist/tex/latex/pgf/frontendlayer/tikz.sty
(/usr/local/texlive/2023/texmf-dist/tex/latex/pgf/basiclayer/pgf.sty
(/usr/local/texlive/2023/texmf-dist/tex/latex/pgf/utilities/pgfrcs.sty
(/usr/local/texlive/2023/texmf-dist/tex/generic/pgf/utilities/pgfutil-common.te
x
\pgfutil@everybye=\toks39
\pgfutil@tempdima=\dimen196
\pgfutil@tempdimb=\dimen197
)
(/usr/local/texlive/2023/texmf-dist/tex/generic/pgf/utilities/pgfutil-latex.def
\pgfutil@abb=\box58
) (/usr/local/texlive/2023/texmf-dist/tex/generic/pgf/utilities/pgfrcs.code.tex
(/usr/local/texlive/2023/texmf-dist/tex/generic/pgf/pgf.revision.tex)
Package: pgfrcs 2023-01-15 v3.1.10 (3.1.10)
))
Package: pgf 2023-01-15 v3.1.10 (3.1.10)

(/usr/local/texlive/2023/texmf-dist/tex/latex/pgf/basiclayer/pgfcore.sty
(/usr/local/texlive/2023/texmf-dist/tex/latex/pgf/systemlayer/pgfsys.sty
(/usr/local/texlive/2023/texmf-dist/tex/generic/pgf/systemlayer/pgfsys.code.tex
Package: pgfsys 2023-01-15 v3.1.10 (3.1.10)
(/usr/local/texlive/2023/texmf-dist/tex/generic/pgf/utilities/pgfkeys.code.tex
\pgfkeys@pathtoks=\toks40
\pgfkeys@temptoks=\toks41

(/usr/local/texlive/2023/texmf-dist/tex/generic/pgf/utilities/pgfkeyslibraryfil
tered.code.tex
\pgfkeys@tmptoks=\toks42
))
\pgf@x=\dimen198
\pgf@y=\dimen199
\pgf@xa=\dimen256
\pgf@ya=\dimen257
\pgf@xb=\dimen258
\pgf@yb=\dimen259
\pgf@xc=\dimen260
\pgf@yc=\dimen261
\pgf@xd=\dimen262
\pgf@yd=\dimen263
\w@pgf@writea=\write4
\r@pgf@reada=\read3
\c@pgf@counta=\count293
\c@pgf@countb=\count294
\c@pgf@countc=\count295
\c@pgf@countd=\count296
\t@pgf@toka=\toks43
\t@pgf@tokb=\toks44
\t@pgf@tokc=\toks45
\pgf@sys@id@count=\count297

(/usr/local/texlive/2023/texmf-dist/tex/generic/pgf/systemlayer/pgf.cfg
File: pgf.cfg 2023-01-15 v3.1.10 (3.1.10)
)
Driver file for pgf: pgfsys-pdftex.def

(/usr/local/texlive/2023/texmf-dist/tex/generic/pgf/systemlayer/pgfsys-pdftex.d
ef
File: pgfsys-pdftex.def 2023-01-15 v3.1.10 (3.1.10)

(/usr/local/texlive/2023/texmf-dist/tex/generic/pgf/systemlayer/pgfsys-common-p
df.def
File: pgfsys-common-pdf.def 2023-01-15 v3.1.10 (3.1.10)
)))
(/usr/local/texlive/2023/texmf-dist/tex/generic/pgf/systemlayer/pgfsyssoftpath.
code.tex
File: pgfsyssoftpath.code.tex 2023-01-15 v3.1.10 (3.1.10)
\pgfsyssoftpath@smallbuffer@items=\count298
\pgfsyssoftpath@bigbuffer@items=\count299
)
(/usr/local/texlive/2023/texmf-dist/tex/generic/pgf/systemlayer/pgfsysprotocol.
code.tex
File: pgfsysprotocol.code.tex 2023-01-15 v3.1.10 (3.1.10)
))
(/usr/local/texlive/2023/texmf-dist/tex/generic/pgf/basiclayer/pgfcore.code.tex
Package: pgfcore 2023-01-15 v3.1.10 (3.1.10)
(/usr/local/texlive/2023/texmf-dist/tex/generic/pgf/math/pgfmath.code.tex
(/usr/local/texlive/2023/texmf-dist/tex/generic/pgf/math/pgfmathutil.code.tex)
(/usr/local/texlive/2023/texmf-dist/tex/generic/pgf/math/pgfmathparser.code.tex
\pgfmath@dimen=\dimen264
\pgfmath@count=\count300
\pgfmath@box=\box59
\pgfmath@toks=\toks46
\pgfmath@stack@operand=\toks47
\pgfmath@stack@operation=\toks48
)
(/usr/local/texlive/2023/texmf-dist/tex/generic/pgf/math/pgfmathfunctions.code.
tex)
(/usr/local/texlive/2023/texmf-dist/tex/generic/pgf/math/pgfmathfunctions.basic
.code.tex)
(/usr/local/texlive/2023/texmf-dist/tex/generic/pgf/math/pgfmathfunctions.trigo
nometric.code.tex)
(/usr/local/texlive/2023/texmf-dist/tex/generic/pgf/math/pgfmathfunctions.rando
m.code.tex)
(/usr/local/texlive/2023/texmf-dist/tex/generic/pgf/math/pgfmathfunctions.compa
rison.code.tex)
(/usr/local/texlive/2023/texmf-dist/tex/generic/pgf/math/pgfmathfunctions.base.
code.tex)
(/usr/local/texlive/2023/texmf-dist/tex/generic/pgf/math/pgfmathfunctions.round
.code.tex)
(/usr/local/texlive/2023/texmf-dist/tex/generic/pgf/math/pgfmathfunctions.misc.
code.tex)
(/usr/local/texlive/2023/texmf-dist/tex/generic/pgf/math/pgfmathfunctions.integ
erarithmetics.code.tex)
(/usr/local/texlive/2023/texmf-dist/tex/generic/pgf/math/pgfmathcalc.code.tex)
(/usr/local/texlive/2023/texmf-dist/tex/generic/pgf/math/pgfmathfloat.code.tex
\c@pgfmathroundto@lastzeros=\count301
)) (/usr/local/texlive/2023/texmf-dist/tex/generic/pgf/math/pgfint.code.tex)
(/usr/local/texlive/2023/texmf-dist/tex/generic/pgf/basiclayer/pgfcorepoints.co
de.tex
File: pgfcorepoints.code.tex 2023-01-15 v3.1.10 (3.1.10)
\pgf@picminx=\dimen265
\pgf@picmaxx=\dimen266
\pgf@picminy=\dimen267
\pgf@picmaxy=\dimen268
\pgf@pathminx=\dimen269
\pgf@pathmaxx=\dimen270
\pgf@pathminy=\dimen271
\pgf@pathmaxy=\dimen272
\pgf@xx=\dimen273
\pgf@xy=\dimen274
\pgf@yx=\dimen275
\pgf@yy=\dimen276
\pgf@zx=\dimen277
\pgf@zy=\dimen278
)
(/usr/local/texlive/2023/texmf-dist/tex/generic/pgf/basiclayer/pgfcorepathconst
ruct.code.tex
File: pgfcorepathconstruct.code.tex 2023-01-15 v3.1.10 (3.1.10)
\pgf@path@lastx=\dimen279
\pgf@path@lasty=\dimen280
)
(/usr/local/texlive/2023/texmf-dist/tex/generic/pgf/basiclayer/pgfcorepathusage
.code.tex
File: pgfcorepathusage.code.tex 2023-01-15 v3.1.10 (3.1.10)
\pgf@shorten@end@additional=\dimen281
\pgf@shorten@start@additional=\dimen282
)
(/usr/local/texlive/2023/texmf-dist/tex/generic/pgf/basiclayer/pgfcorescopes.co
de.tex
File: pgfcorescopes.code.tex 2023-01-15 v3.1.10 (3.1.10)
\pgfpic=\box60
\pgf@hbox=\box61
\pgf@layerbox@main=\box62
\pgf@picture@serial@count=\count302
)
(/usr/local/texlive/2023/texmf-dist/tex/generic/pgf/basiclayer/pgfcoregraphicst
ate.code.tex
File: pgfcoregraphicstate.code.tex 2023-01-15 v3.1.10 (3.1.10)
\pgflinewidth=\dimen283
)
(/usr/local/texlive/2023/texmf-dist/tex/generic/pgf/basiclayer/pgfcoretransform
ations.code.tex
File: pgfcoretransformations.code.tex 2023-01-15 v3.1.10 (3.1.10)
\pgf@pt@x=\dimen284
\pgf@pt@y=\dimen285
\pgf@pt@temp=\dimen286
)
(/usr/local/texlive/2023/texmf-dist/tex/generic/pgf/basiclayer/pgfcorequick.cod
e.tex
File: pgfcorequick.code.tex 2023-01-15 v3.1.10 (3.1.10)
)
(/usr/local/texlive/2023/texmf-dist/tex/generic/pgf/basiclayer/pgfcoreobjects.c
ode.tex
File: pgfcoreobjects.code.tex 2023-01-15 v3.1.10 (3.1.10)
)
(/usr/local/texlive/2023/texmf-dist/tex/generic/pgf/basiclayer/pgfcorepathproce
ssing.code.tex
File: pgfcorepathprocessing.code.tex 2023-01-15 v3.1.10 (3.1.10)
)
(/usr/local/texlive/2023/texmf-dist/tex/generic/pgf/basiclayer/pgfcorearrows.co
de.tex
File: pgfcorearrows.code.tex 2023-01-15 v3.1.10 (3.1.10)
\pgfarrowsep=\dimen287
)
(/usr/local/texlive/2023/texmf-dist/tex/generic/pgf/basiclayer/pgfcoreshade.cod
e.tex
File: pgfcoreshade.code.tex 2023-01-15 v3.1.10 (3.1.10)
\pgf@max=\dimen288
\pgf@sys@shading@range@num=\count303
\pgf@shadingcount=\count304
)
(/usr/local/texlive/2023/texmf-dist/tex/generic/pgf/basiclayer/pgfcoreimage.cod
e.tex
File: pgfcoreimage.code.tex 2023-01-15 v3.1.10 (3.1.10)
)
(/usr/local/texlive/2023/texmf-dist/tex/generic/pgf/basiclayer/pgfcoreexternal.
code.tex
File: pgfcoreexternal.code.tex 2023-01-15 v3.1.10 (3.1.10)
\pgfexternal@startupbox=\box63
)
(/usr/local/texlive/2023/texmf-dist/tex/generic/pgf/basiclayer/pgfcorelayers.co
de.tex
File: pgfcorelayers.code.tex 2023-01-15 v3.1.10 (3.1.10)
)
(/usr/local/texlive/2023/texmf-dist/tex/generic/pgf/basiclayer/pgfcoretranspare
ncy.code.tex
File: pgfcoretransparency.code.tex 2023-01-15 v3.1.10 (3.1.10)
)
(/usr/local/texlive/2023/texmf-dist/tex/generic/pgf/basiclayer/pgfcorepatterns.
code.tex
File: pgfcorepatterns.code.tex 2023-01-15 v3.1.10 (3.1.10)
)
(/usr/local/texlive/2023/texmf-dist/tex/generic/pgf/basiclayer/pgfcorerdf.code.
tex
File: pgfcorerdf.code.tex 2023-01-15 v3.1.10 (3.1.10)
)))
(/usr/local/texlive/2023/texmf-dist/tex/generic/pgf/modules/pgfmoduleshapes.cod
e.tex
File: pgfmoduleshapes.code.tex 2023-01-15 v3.1.10 (3.1.10)
\pgfnodeparttextbox=\box64
)
(/usr/local/texlive/2023/texmf-dist/tex/generic/pgf/modules/pgfmoduleplot.code.
tex
File: pgfmoduleplot.code.tex 2023-01-15 v3.1.10 (3.1.10)
)
(/usr/local/texlive/2023/texmf-dist/tex/latex/pgf/compatibility/pgfcomp-version
-0-65.sty
Package: pgfcomp-version-0-65 2023-01-15 v3.1.10 (3.1.10)
\pgf@nodesepstart=\dimen289
\pgf@nodesepend=\dimen290
)
(/usr/local/texlive/2023/texmf-dist/tex/latex/pgf/compatibility/pgfcomp-version
-1-18.sty
Package: pgfcomp-version-1-18 2023-01-15 v3.1.10 (3.1.10)
))
(/usr/local/texlive/2023/texmf-dist/tex/latex/pgf/utilities/pgffor.sty
(/usr/local/texlive/2023/texmf-dist/tex/latex/pgf/utilities/pgfkeys.sty
(/usr/local/texlive/2023/texmf-dist/tex/generic/pgf/utilities/pgfkeys.code.tex)
) (/usr/local/texlive/2023/texmf-dist/tex/latex/pgf/math/pgfmath.sty
(/usr/local/texlive/2023/texmf-dist/tex/generic/pgf/math/pgfmath.code.tex))
(/usr/local/texlive/2023/texmf-dist/tex/generic/pgf/utilities/pgffor.code.tex
Package: pgffor 2023-01-15 v3.1.10 (3.1.10)
\pgffor@iter=\dimen291
\pgffor@skip=\dimen292
\pgffor@stack=\toks49
\pgffor@toks=\toks50
))
(/usr/local/texlive/2023/texmf-dist/tex/generic/pgf/frontendlayer/tikz/tikz.cod
e.tex
Package: tikz 2023-01-15 v3.1.10 (3.1.10)

(/usr/local/texlive/2023/texmf-dist/tex/generic/pgf/libraries/pgflibraryplothan
dlers.code.tex
File: pgflibraryplothandlers.code.tex 2023-01-15 v3.1.10 (3.1.10)
\pgf@plot@mark@count=\count305
\pgfplotmarksize=\dimen293
)
\tikz@lastx=\dimen294
\tikz@lasty=\dimen295
\tikz@lastxsaved=\dimen296
\tikz@lastysaved=\dimen297
\tikz@lastmovetox=\dimen298
\tikz@lastmovetoy=\dimen299
\tikzleveldistance=\dimen300
\tikzsiblingdistance=\dimen301
\tikz@figbox=\box65
\tikz@figbox@bg=\box66
\tikz@tempbox=\box67
\tikz@tempbox@bg=\box68
\tikztreelevel=\count306
\tikznumberofchildren=\count307
\tikznumberofcurrentchild=\count308
\tikz@fig@count=\count309

(/usr/local/texlive/2023/texmf-dist/tex/generic/pgf/modules/pgfmodulematrix.cod
e.tex
File: pgfmodulematrix.code.tex 2023-01-15 v3.1.10 (3.1.10)
\pgfmatrixcurrentrow=\count310
\pgfmatrixcurrentcolumn=\count311
\pgf@matrix@numberofcolumns=\count312
)
\tikz@expandcount=\count313

(/usr/local/texlive/2023/texmf-dist/tex/generic/pgf/frontendlayer/tikz/librarie
s/tikzlibrarytopaths.code.tex
File: tikzlibrarytopaths.code.tex 2023-01-15 v3.1.10 (3.1.10)
)))
(/usr/local/texlive/2023/texmf-dist/tex/generic/pgf/frontendlayer/tikz/librarie
s/tikzlibrarydecorations.markings.code.tex
(/usr/local/texlive/2023/texmf-dist/tex/generic/pgf/frontendlayer/tikz/librarie
s/tikzlibrarydecorations.code.tex
(/usr/local/texlive/2023/texmf-dist/tex/generic/pgf/modules/pgfmoduledecoration
s.code.tex
\pgfdecoratedcompleteddistance=\dimen302
\pgfdecoratedremainingdistance=\dimen303
\pgfdecoratedinputsegmentcompleteddistance=\dimen304
\pgfdecoratedinputsegmentremainingdistance=\dimen305
\pgf@decorate@distancetomove=\dimen306
\pgf@decorate@repeatstate=\count314
\pgfdecorationsegmentamplitude=\dimen307
\pgfdecorationsegmentlength=\dimen308
)
\tikz@lib@dec@box=\box69
)
(/usr/local/texlive/2023/texmf-dist/tex/generic/pgf/libraries/decorations/pgfli
brarydecorations.markings.code.tex))
\c@thm=\count315
\c@defn=\count316
\c@exmp=\count317
Package csquotes Info: Checking for multilingual support...
Package csquotes Info: ... none found.

(/usr/local/texlive/2023/texmf-dist/tex/latex/l3backend/l3backend-pdftex.def
File: l3backend-pdftex.def 2023-11-09 L3 backend support: PDF output (pdfTeX)
\l__color_backend_stack_int=\count318
\l__pdf_internal_box=\box70
)
No file georep-min.aux.
\openout1 = `georep-min.aux'.

LaTeX Font Info:    Checking defaults for OML/cmm/m/it on input line 220.
LaTeX Font Info:    ... okay on input line 220.
LaTeX Font Info:    Checking defaults for OMS/cmsy/m/n on input line 220.
LaTeX Font Info:    ... okay on input line 220.
LaTeX Font Info:    Checking defaults for OT1/cmr/m/n on input line 220.
LaTeX Font Info:    ... okay on input line 220.
LaTeX Font Info:    Checking defaults for T1/cmr/m/n on input line 220.
LaTeX Font Info:    ... okay on input line 220.
LaTeX Font Info:    Checking defaults for TS1/cmr/m/n on input line 220.
LaTeX Font Info:    ... okay on input line 220.
LaTeX Font Info:    Checking defaults for OMX/cmex/m/n on input line 220.
LaTeX Font Info:    ... okay on input line 220.
LaTeX Font Info:    Checking defaults for U/cmr/m/n on input line 220.
LaTeX Font Info:    ... okay on input line 220.
LaTeX Font Info:    Trying to load font information for U+msa on input line 220
.
(/usr/local/texlive/2023/texmf-dist/tex/latex/amsfonts/umsa.fd
File: umsa.fd 2013/01/14 v3.01 AMS symbols A
)
LaTeX Font Info:    Trying to load font information for U+msb on input line 220
.

(/usr/local/texlive/2023/texmf-dist/tex/latex/amsfonts/umsb.fd
File: umsb.fd 2013/01/14 v3.01 AMS symbols B
)
Package xypdf Info: Line width: 0.47998pt on input line 220.

(/usr/local/texlive/2023/texmf-dist/tex/context/base/mkii/supp-pdf.mkii
[Loading MPS to PDF converter (version 2006.09.02).]
\scratchcounter=\count319
\scratchdimen=\dimen309
\scratchbox=\box71
\nofMPsegments=\count320
\nofMParguments=\count321
\everyMPshowfont=\toks51
\MPscratchCnt=\count322
\MPscratchDim=\dimen310
\MPnumerator=\count323
\makeMPintoPDFobject=\count324
\everyMPtoPDFconversion=\toks52
) (/usr/local/texlive/2023/texmf-dist/tex/latex/epstopdf-pkg/epstopdf-base.sty
Package: epstopdf-base 2020-01-24 v2.11 Base part for package epstopdf
Package epstopdf-base Info: Redefining graphics rule for `.eps' on input line 4
85.

(/usr/local/texlive/2023/texmf-dist/tex/latex/latexconfig/epstopdf-sys.cfg
File: epstopdf-sys.cfg 2010/07/13 v1.3 Configuration of (r)epstopdf for TeX Liv
e
))
Underfull \hbox (badness 10000) in paragraph at lines 224--226

 []

No file georep-min.toc.
\tf@toc=\write5
\openout5 = `georep-min.toc'.

LaTeX Font Info:    Trying to load font information for U+euf on input line 266
.
(/usr/local/texlive/2023/texmf-dist/tex/latex/amsfonts/ueuf.fd
File: ueuf.fd 2013/01/14 v3.01 Euler Fraktur
) [1

{/usr/local/texlive/2023/texmf-var/fonts/map/pdftex/updmap/pdftex.map}] [2{/usr
/local/texlive/2023/texmf-dist/fonts/enc/dvips/cm-super/cm-super-ts1.enc}] [3] 
[4]
<A2_Serre.png, id=31, 840.13875pt x 468.75125pt>
File: A2_Serre.png Graphic file (type png)
<use A2_Serre.png>
Package pdftex.def Info: A2_Serre.png  used on input line 455.
(pdftex.def)             Requested size: 284.52756pt x 158.75104pt.
<B2_Serre.png, id=33, 845.1575pt x 490.83376pt>
File: B2_Serre.png Graphic file (type png)
<use B2_Serre.png>
Package pdftex.def Info: B2_Serre.png  used on input line 463.
(pdftex.def)             Requested size: 284.52756pt x 165.24106pt.
 [5 <./A2_Serre.png> <./B2_Serre.png>] [6]

LaTeX Warning: File `sl2_chain_corrected.png' not found on input line 567.


! Package pdftex.def Error: File `sl2_chain_corrected.png' not found: using dra
ft setting.

See the pdftex.def package documentation for explanation.
Type  H <return>  for immediate help.
 ...                                              
                                                  
l.567 ...ics[width=100mm]{sl2_chain_corrected.png}
                                                  
Try typing  <return>  to proceed.
If that doesn't work, type  X <return>  to quit.

[7] <xymatrix 3x2 149> <xymatrix 3x2 149> [8] [9]

LaTeX Warning: Reference `eq:Un-.basis' on page 10 undefined on input line 686.



LaTeX Warning: File `Verma-sl3.png' not found on input line 698.


! Package pdftex.def Error: File `Verma-sl3.png' not found: using draft setting
.

See the pdftex.def package documentation for explanation.
Type  H <return>  for immediate help.
 ...                                              
                                                  
l.698 \includegraphics[width=150mm]{Verma-sl3.png}
                                                  
Try typing  <return>  to proceed.
If that doesn't work, type  X <return>  to quit.

[10] [11]

LaTeX Warning: Citation `humbgg' on page 12 undefined on input line 772.

[12]
<P+sl3.png, id=69, 719.68875pt x 540.0175pt>
File: P+sl3.png Graphic file (type png)
<use P+sl3.png>
Package pdftex.def Info: P+sl3.png  used on input line 839.
(pdftex.def)             Requested size: 341.43306pt x 256.19785pt.
 [13] [14 <./P+sl3.png>] [15] [16]

LaTeX Warning: File `M2-M-4-inclusion.png' not found on input line 980.


! Package pdftex.def Error: File `M2-M-4-inclusion.png' not found: using draft 
setting.

See the pdftex.def package documentation for explanation.
Type  H <return>  for immediate help.
 ...                                              
                                                  
l.980 ...aphics[width=130mm]{M2-M-4-inclusion.png}
                                                  
Try typing  <return>  to proceed.
If that doesn't work, type  X <return>  to quit.

[17] <xymatrix 2x2 141> <xymatrix 2x2 141> <xymatrix 2x2 141> <xymatrix 2x2
141> [18] [19]
<M-2.png, id=94, 983.675pt x 296.10625pt>
File: M-2.png Graphic file (type png)
<use M-2.png>
Package pdftex.def Info: M-2.png  used on input line 1090.
(pdftex.def)             Requested size: 284.52756pt x 85.64722pt.


LaTeX Warning: File `M-minus-4.png' not found on input line 1094.


! Package pdftex.def Error: File `M-minus-4.png' not found: using draft setting
.

See the pdftex.def package documentation for explanation.
Type  H <return>  for immediate help.
 ...                                              
                                                  
l.1094 \includegraphics[width=90mm]{M-minus-4.png}
                                                  
Try typing  <return>  to proceed.
If that doesn't work, type  X <return>  to quit.

<M-2-dual.png, id=95, 999.735pt x 319.1925pt>
File: M-2-dual.png Graphic file (type png)
<use M-2-dual.png>
Package pdftex.def Info: M-2-dual.png  used on input line 1103.
(pdftex.def)             Requested size: 284.52756pt x 90.84416pt.

LaTeX Warning: File `M-minus-4-dual.png' not found on input line 1107.


! Package pdftex.def Error: File `M-minus-4-dual.png' not found: using draft se
tting.

See the pdftex.def package documentation for explanation.
Type  H <return>  for immediate help.
 ...                                              
                                                  
l.1107 ...raphics[width=100mm]{M-minus-4-dual.png}
                                                  
Try typing  <return>  to proceed.
If that doesn't work, type  X <return>  to quit.

[20 <./M-2.png> <./M-2-dual.png>] [21] <xymatrix 2x2 141> <xymatrix 2x2 141>

LaTeX Warning: Reference `eq:SES' on page 22 undefined on input line 1158.

<xymatrix 2x2 141> <xymatrix 2x2 141> <xymatrix 2x2 137> <xymatrix 2x2 137>
[22] [23]
<subsing.png, id=114, 1037.8775pt x 506.89375pt>
File: subsing.png Graphic file (type png)
<use subsing.png>
Package pdftex.def Info: subsing.png  used on input line 1275.
(pdftex.def)             Requested size: 312.9803pt x 152.85822pt.
 [24 <./subsing.png>] [25] <xymatrix 5x2 430> <xymatrix 5x2 430>
[26] <xymatrix 5x1 220> <xymatrix 5x1 220> [27] [28]

LaTeX Warning: Reference `thm:CC.sol' on page 29 undefined on input line 1502.


LaTeX Warning: Reference `lem:Casimir.indentity' on page 29 undefined on input 
line 1515.

[29]

LaTeX Warning: Citation `Weibel' on page 30 undefined on input line 1581.

[30] [31] [32] <xymatrix 4x4 474> <xymatrix 4x4 474> [33] <xymatrix 4x4 372>
<xymatrix 4x4 372> [34] <xymatrix 4x4 270> <xymatrix 4x4 270> <xymatrix 3x3
140> <xymatrix 3x3 140> [35]

LaTeX Warning: Reference `prop:CE.exact' on page 36 undefined on input line 182
5.


LaTeX Warning: Reference `thm:Koszul.res' on page 36 undefined on input line 18
27.

[36] [37]

LaTeX Warning: Citation `FAC' on page 38 undefined on input line 1891.


LaTeX Warning: File `direct-limit.png' not found on input line 1907.


! Package pdftex.def Error: File `direct-limit.png' not found: using draft sett
ing.

See the pdftex.def package documentation for explanation.
Type  H <return>  for immediate help.
 ...                                              
                                                  
l.1907 ...egraphics[width=100mm]{direct-limit.png}
                                                  
Try typing  <return>  to proceed.
If that doesn't work, type  X <return>  to quit.

[38]

LaTeX Warning: Citation `Hartshorne' on page 39 undefined on input line 1924.

[39]

LaTeX Warning: Citation `Hartshorne' on page 40 undefined on input line 1966.

[40]

LaTeX Warning: File `nontriv-loc-sys.png' not found on input line 2009.


! Package pdftex.def Error: File `nontriv-loc-sys.png' not found: using draft s
etting.

See the pdftex.def package documentation for explanation.
Type  H <return>  for immediate help.
 ...                                              
                                                  
l.2009 ...aphics[width=100mm]{nontriv-loc-sys.png}
                                                  
Try typing  <return>  to proceed.
If that doesn't work, type  X <return>  to quit.

[41]

LaTeX Warning: Citation `stacks-project' on page 42 undefined on input line 201
5.

[42]

LaTeX Warning: Citation `stacks-project' on page 43 undefined on input line 205
3.

[43]

LaTeX Warning: Reference `eq:pullback.presheaf' on page 44 undefined on input l
ine 2077.

[44] <xymatrix 2x2 137> <xymatrix 2x2 137> [45]

LaTeX Warning: Citation `Viterbo' on page 46 undefined on input line 2168.


Overfull \hbox (4.5709pt too wide) in paragraph at lines 2170--2171
[]\OT1/cmr/bx/n/12 Theorem 8.4. []\OT1/cmr/m/it/12 A flabby sheaf is $\OT1/cmr/
m/n/12 ^^@(\OML/cmm/m/it/12 X; \OMS/cmsy/m/n/12 ^^@\OT1/cmr/m/n/12 )$\OT1/cmr/m
/it/12 -injective, in-deed $\OT1/cmr/m/n/12 ^^@(\OML/cmm/m/it/12 X; \OMS/cmsy/m
/n/12 ^^@\OT1/cmr/m/n/12 )$\OT1/cmr/m/it/12 -acyclic (which is stronger). 
 []


LaTeX Warning: Reference `thm:sheaf-sing-coho' on page 46 undefined on input li
ne 2176.

[46]

LaTeX Warning: Reference `lfromm' on page 47 undefined on input line 2220.

[47]

LaTeX Warning: Reference `thm:P+.implies.fin.dim' on page 48 undefined on input
 line 2268.


LaTeX Warning: Reference `wkp' on page 48 undefined on input line 2278.


LaTeX Warning: Reference `prop:block-condition' on page 48 undefined on input l
ine 2278.

[48] [49]

LaTeX Warning: Reference `prop:P+.trivial.stab' on page 50 undefined on input l
ine 2352.


LaTeX Warning: Reference `lem:comb' on page 50 undefined on input line 2375.

[50] [51] <xymatrix 4x3 284> <xymatrix 4x3 284> <xymatrix 4x2 245> <xymatrix
4x2 245> [52]

LaTeX Warning: Reference `prop:tensor.fin.dim' on page 53 undefined on input li
ne 2516.

[53]

LaTeX Warning: Reference `lem:comb' on page 54 undefined on input line 2577.


LaTeX Warning: Reference `lem:comb' on page 54 undefined on input line 2587.


LaTeX Warning: Reference `prop:length.embeddings' on page 54 undefined on input
 line 2587.

[54]

LaTeX Warning: Reference `prop:tensor.fin.dim' on page 55 undefined on input li
ne 2633.


LaTeX Warning: Citation `humbgg' on page 55 undefined on input line 2634.

[55]

LaTeX Warning: Citation `humbgg' on page 56 undefined on input line 2670.


LaTeX Warning: Citation `humbgg' on page 56 undefined on input line 2681.

[56] [57] [58]

LaTeX Warning: Citation `cont.bad' on page 59 undefined on input line 2841.

[59]

LaTeX Warning: Citation `Hartshorne' on page 60 undefined on input line 2856.


LaTeX Warning: Citation `Smadja' on page 60 undefined on input line 2877.

[60] [61]
Overfull \hbox (1.09744pt too wide) in paragraph at lines 2965--2967
\OT1/cmr/m/n/12 where $\OML/cmm/m/it/12 B$ \OT1/cmr/m/n/12 is the sta-biliser s
ub-group of any par-tic-u-lar fixed flag. Let's choose a ba-sis $\OMS/cmsy/m/n/
12 f\OML/cmm/m/it/12 e[]; [] ; e[]\OMS/cmsy/m/n/12 g$
 []

[62]

LaTeX Warning: Citation `Humphreys.alg.grp' on page 63 undefined on input line 
2970.

[63] [64]

LaTeX Warning: Citation `Fulton-Harris' on page 65 undefined on input line 3118
.

[65]

LaTeX Warning: Reference `prop:wD+D-ell' on page 66 undefined on input line 314
1.

[66] [67] [68] [69] [70]

LaTeX Warning: Citation `Humphreys.alg.grp' on page 71 undefined on input line 
3456.

[71]

LaTeX Warning: Citation `Humphreys.alg.grp' on page 72 undefined on input line 
3467.


LaTeX Warning: Citation `Humphreys.alg.grp' on page 72 undefined on input line 
3497.

[72]

LaTeX Warning: Citation `Humphreys.alg.grp' on page 73 undefined on input line 
3503.


LaTeX Warning: Reference `lem:fixed.points.closed' on page 73 undefined on inpu
t line 3513.


LaTeX Warning: Reference `thm:normal.affine' on page 73 undefined on input line
 3515.


LaTeX Warning: Reference `lem:closed.orbit' on page 73 undefined on input line 
3515.


LaTeX Warning: Citation `Humphreys.alg.grp' on page 73 undefined on input line 
3519.


LaTeX Warning: Citation `Humphreys.alg.grp' on page 73 undefined on input line 
3532.

[73]

LaTeX Warning: Citation `Springer' on page 74 undefined on input line 3577.


LaTeX Warning: Reference `prop:exact.stabiliser' on page 74 undefined on input 
line 3584.

[74]

LaTeX Warning: Reference `thm:flag.is.projective' on page 75 undefined on input
 line 3607.


LaTeX Warning: Reference `prop:exact.stabiliser' on page 75 undefined on input 
line 3608.


LaTeX Warning: Reference `thm:Lie-Kolchin' on page 75 undefined on input line 3
610.


LaTeX Warning: Reference `lem:closed.orbit' on page 75 undefined on input line 
3616.


LaTeX Warning: Citation `HTT' on page 75 undefined on input line 3638.

[75] [76]

LaTeX Warning: Citation `lurie-bwb' on page 77 undefined on input line 3755.

[77] [78] [79]

LaTeX Warning: Reference `thm:finiteness.sections' on page 80 undefined on inpu
t line 3985.

[80] [81]

LaTeX Warning: Reference `thm:finiteness.sections' on page 82 undefined on inpu
t line 4113.


LaTeX Warning: Citation `Narasimhan' on page 82 undefined on input line 4150.

[82] [83] [84]

LaTeX Warning: Reference `sec:lin.alg.grp' on page 85 undefined on input line 4
255.


LaTeX Warning: Citation `stacks-project' on page 85 undefined on input line 426
3.

[85]

LaTeX Warning: Citation `stacks-project' on page 86 undefined on input line 428
7.

[86]

LaTeX Warning: Citation `Vakil' on page 87 undefined on input line 4306.


LaTeX Warning: Citation `Akhil.CRing' on page 87 undefined on input line 4339.

[87] <xymatrix 4x2 166> <xymatrix 4x2 166> <xymatrix 4x1 120> <xymatrix 4x1
120>

LaTeX Warning: Citation `stacks-project' on page 88 undefined on input line 438
3.

[88] [89] [90] [91] <xymatrix 3x2 94> <xymatrix 3x2 94> <xymatrix 3x2 94>
<xymatrix 3x2 94> [92] [93]

LaTeX Warning: Citation `Hartshorne' on page 94 undefined on input line 4649.

[94]

LaTeX Warning: Reference `lem:coherence.pushforward' on page 95 undefined on in
put line 4683.


LaTeX Warning: Citation `Hartshorne' on page 95 undefined on input line 4687.


LaTeX Warning: Reference `prop:O(n).finite.coho' on page 95 undefined on input 
line 4690.

[95]

LaTeX Warning: Citation `Hartshorne' on page 96 undefined on input line 4722.


LaTeX Warning: Citation `HTT' on page 96 undefined on input line 4736.


LaTeX Warning: Reference `exer:TX.localises' on page 96 undefined on input line
 4755.

[96]

LaTeX Warning: Citation `HTT' on page 97 undefined on input line 4779.


LaTeX Warning: Citation `Gaitsgory-05' on page 97 undefined on input line 4779.



LaTeX Warning: Citation `yi.sun' on page 97 undefined on input line 4779.

[97] [98]

LaTeX Warning: Reference `eq:diff.op.general' on page 99 undefined on input lin
e 4862.


LaTeX Warning: Reference `eq:PDE' on page 99 undefined on input line 4866.

[99]

LaTeX Warning: Citation `HTT' on page 100 undefined on input line 4912.

[100] [101] [102] [103]

LaTeX Warning: Citation `Ince' on page 104 undefined on input line 5035.


Overfull \hbox (3.8682pt too wide) in paragraph at lines 5056--5057
\OT1/cmr/m/n/12 Above we com-mented on the or-der fil-tra-tion on $\OMS/cmsy/m/
n/12 D$ \OT1/cmr/m/n/12 and its as-so-ci-ated graded $[] \OMS/cmsy/m/n/12 D [] 
[][] \OML/cmm/m/it/12 T[]$\OT1/cmr/m/n/12 .
 []

[104]

LaTeX Warning: Reference `eq:transfer.mod.def' on page 105 undefined on input l
ine 5094.


LaTeX Warning: Reference `eq:transfer.mod.def' on page 105 undefined on input l
ine 5103.

[105]

LaTeX Warning: Citation `HTT' on page 106 undefined on input line 5161.


LaTeX Warning: Citation `HTT' on page 106 undefined on input line 5166.

[106]

LaTeX Warning: Citation `HTT' on page 107 undefined on input line 5177.


LaTeX Warning: File `elliptic-cech.png' not found on input line 5209.


! Package pdftex.def Error: File `elliptic-cech.png' not found: using draft set
ting.

See the pdftex.def package documentation for explanation.
Type  H <return>  for immediate help.
 ...                                              
                                                  
l.5209 ...graphics[width=100mm]{elliptic-cech.png}
                                                  
Try typing  <return>  to proceed.
If that doesn't work, type  X <return>  to quit.

[107]

LaTeX Warning: Reference `sec:Borel-Weil' on page 108 undefined on input line 5
250.

[108] [109] [110]

LaTeX Warning: Reference `eq:untwisted.DO' on page 111 undefined on input line 
5349.


LaTeX Warning: Reference `eq:TDO' on page 111 undefined on input line 5358.

[111]

LaTeX Warning: File `D-mod-big-cell.png' not found on input line 5407.


! Package pdftex.def Error: File `D-mod-big-cell.png' not found: using draft se
tting.

See the pdftex.def package documentation for explanation.
Type  H <return>  for immediate help.
 ...                                              
                                                  
l.5407 ...raphics[width=100mm]{D-mod-big-cell.png}
                                                  
Try typing  <return>  to proceed.
If that doesn't work, type  X <return>  to quit.


LaTeX Warning: File `D-mod-little-cell.png' not found on input line 5419.


! Package pdftex.def Error: File `D-mod-little-cell.png' not found: using draft
 setting.

See the pdftex.def package documentation for explanation.
Type  H <return>  for immediate help.
 ...                                              
                                                  
l.5419 ...hics[width=100mm]{D-mod-little-cell.png}
                                                  
Try typing  <return>  to proceed.
If that doesn't work, type  X <return>  to quit.

[112]
Overfull \hbox (1.4235pt too wide) in paragraph at lines 5452--5453
[]\OT1/cmr/m/n/12 The other in-gre-di-ent is to some-how as-so-ciate these ob-j
ects (holo-mor-phic reg-u-lar $\OMS/cmsy/m/n/12 D[]$\OT1/cmr/m/n/12 -modules)
 []

[113]

LaTeX Warning: Citation `HTT' on page 114 undefined on input line 5467.


LaTeX Warning: Citation `HTT' on page 114 undefined on input line 5495.


LaTeX Warning: `!h' float specifier changed to `!ht'.


LaTeX Warning: Citation `HTT' on page 114 undefined on input line 5515.

[114]

LaTeX Warning: Reference `table:6-func' on page 115 undefined on input line 552
2.


LaTeX Warning: Citation `Jeffs' on page 115 undefined on input line 5526.


LaTeX Warning: Citation `Williamson-illustrated' on page 115 undefined on input
 line 5526.


LaTeX Warning: Reference `eq:main.triangle' on page 115 undefined on input line
 5530.


LaTeX Warning: Citation `Jeffs' on page 115 undefined on input line 5530.

[115] <xymatrix 3x2 162> <xymatrix 3x2 162> <xymatrix 3x2 162> <xymatrix 3x2
162>

LaTeX Warning: Reference `eq:intj!' on page 116 undefined on input line 5589.

[116]
<intext_1.jpg, id=416, 2830.575pt x 1983.41pt>
File: intext_1.jpg Graphic file (type jpg)
<use intext_1.jpg>
Package pdftex.def Info: intext_1.jpg  used on input line 5598.
(pdftex.def)             Requested size: 284.52756pt x 199.35133pt.
 [117 <./intext_1.jpg>] <xymatrix 5x2 188> <xymatrix 5x2 188>

LaTeX Warning: Citation `HTT' on page 118 undefined on input line 5659.

[118]

LaTeX Warning: Citation `Riche' on page 119 undefined on input line 5700.

[119]

LaTeX Warning: Citation `HTT' on page 120 undefined on input line 5755.

[120]

LaTeX Warning: Citation `HTT' on page 121 undefined on input line 5759.

[121] [122]

LaTeX Warning: Citation `humbgg' on page 123 undefined on input line 5878.

[123]

LaTeX Warning: Reference `lem:Verma.filtration' on page 124 undefined on input 
line 5927.

[124]

LaTeX Warning: Reference `lem:reduced.expression.lemma' on page 125 undefined o
n input line 5969.


LaTeX Warning: Reference `lem:w.0' on page 125 undefined on input line 5983.

[125]

LaTeX Warning: Citation `HTT' on page 126 undefined on input line 6061.

[126] [127] [128]

LaTeX Warning: Reference `lem:verma.has.char' on page 129 undefined on input li
ne 6185.

[129]

LaTeX Warning: Citation `Huybrechts' on page 130 undefined on input line 6244.

[130] <xymatrix 3x2 108> <xymatrix 3x2 108> [131] <xymatrix 3x2 108> <xymatrix
3x2 108> <xymatrix 3x2 108> <xymatrix 3x2 108> <xymatrix 5x2 206> <xymatrix
5x2 206> <xymatrix 5x3 304> <xymatrix 5x3 304> [132] <xymatrix 4x2 157>
<xymatrix 4x2 157> <xymatrix 5x6 559> <xymatrix 5x6 559> [133] <xymatrix 4x2
423> <xymatrix 4x2 423> <xymatrix 5x2 124> <xymatrix 5x2 124> <xymatrix 5x3
222> <xymatrix 5x3 222> <xymatrix 4x2 437> <xymatrix 4x2 437> [134] <xymatrix
8x2 226> <xymatrix 8x2 226> <xymatrix 5x3 300> <xymatrix 5x3 300> [135]

LaTeX Warning: Citation `Weibel' on page 136 undefined on input line 6509.


LaTeX Warning: Citation `Benson' on page 136 undefined on input line 6512.


Overfull \hbox (170.59972pt too wide) in paragraph at lines 6512--6514
[]\OT1/cmr/m/n/12 Some dis-cus-sion on Math-over-flow \OT1/cmtt/m/n/12 https://
mathoverflow.net/questions/89598/higher-cartan-eilenberg-resolutions
 []

[136]

LaTeX Warning: Citation `Weibel' on page 137 undefined on input line 6518.


LaTeX Warning: Citation `Spaltenstein' on page 137 undefined on input line 6523
.


LaTeX Warning: Citation `Dimca' on page 137 undefined on input line 6542.

[137]

LaTeX Warning: Citation `Dimca' on page 138 undefined on input line 6546.


LaTeX Warning: Citation `fratila' on page 138 undefined on input line 6550.

[138] [139]

LaTeX Warning: Citation `Woodward' on page 140 undefined on input line 6641.

No file georep-min.bbl.
[140] (./georep-min.aux)
 ***********
LaTeX2e <2023-11-01>
L3 programming layer <2023-11-09>
 ***********


LaTeX Warning: There were undefined references.


LaTeX Warning: Label(s) may have changed. Rerun to get cross-references right.

 ) 
Here is how much of TeX's memory you used:
 18693 strings out of 474267
 354241 string characters out of 5747435
 1947555 words of memory out of 5000000
 40550 multiletter control sequences out of 15000+600000
 573549 words of font info for 99 fonts, out of 8000000 for 9000
 1141 hyphenation exceptions out of 8191
 84i,20n,87p,3240b,729s stack positions out of 10000i,1000n,20000p,200000b,200000s
</usr/local/texlive/2023/texmf-dist/fonts/type1/public/amsfonts/cm/cmbx10.pfb
></usr/local/texlive/2023/texmf-dist/fonts/type1/public/amsfonts/cm/cmbx12.pfb>
</usr/local/texlive/2023/texmf-dist/fonts/type1/public/amsfonts/cm/cmex10.pfb><
/usr/local/texlive/2023/texmf-dist/fonts/type1/public/amsfonts/cmextra/cmex8.pf
b></usr/local/texlive/2023/texmf-dist/fonts/type1/public/amsfonts/cm/cmitt10.pf
b></usr/local/texlive/2023/texmf-dist/fonts/type1/public/amsfonts/cm/cmmi10.pfb
></usr/local/texlive/2023/texmf-dist/fonts/type1/public/amsfonts/cm/cmmi12.pfb>
</usr/local/texlive/2023/texmf-dist/fonts/type1/public/amsfonts/cm/cmmi6.pfb></
usr/local/texlive/2023/texmf-dist/fonts/type1/public/amsfonts/cm/cmmi8.pfb></us
r/local/texlive/2023/texmf-dist/fonts/type1/public/amsfonts/cm/cmr10.pfb></usr/
local/texlive/2023/texmf-dist/fonts/type1/public/amsfonts/cm/cmr12.pfb></usr/lo
cal/texlive/2023/texmf-dist/fonts/type1/public/amsfonts/cm/cmr17.pfb></usr/loca
l/texlive/2023/texmf-dist/fonts/type1/public/amsfonts/cm/cmr6.pfb></usr/local/t
exlive/2023/texmf-dist/fonts/type1/public/amsfonts/cm/cmr7.pfb></usr/local/texl
ive/2023/texmf-dist/fonts/type1/public/amsfonts/cm/cmr8.pfb></usr/local/texlive
/2023/texmf-dist/fonts/type1/public/amsfonts/cm/cmsy10.pfb></usr/local/texlive/
2023/texmf-dist/fonts/type1/public/amsfonts/cm/cmsy6.pfb></usr/local/texlive/20
23/texmf-dist/fonts/type1/public/amsfonts/cm/cmsy8.pfb></usr/local/texlive/2023
/texmf-dist/fonts/type1/public/amsfonts/cm/cmti12.pfb></usr/local/texlive/2023/
texmf-dist/fonts/type1/public/amsfonts/cm/cmti8.pfb></usr/local/texlive/2023/te
xmf-dist/fonts/type1/public/amsfonts/cm/cmtt12.pfb></usr/local/texlive/2023/tex
mf-dist/fonts/type1/public/amsfonts/euler/eufm10.pfb></usr/local/texlive/2023/t
exmf-dist/fonts/type1/public/amsfonts/symbols/msam10.pfb></usr/local/texlive/20
23/texmf-dist/fonts/type1/public/amsfonts/symbols/msbm10.pfb></usr/local/texliv
e/2023/texmf-dist/fonts/type1/public/cm-super/sfrm1200.pfb></usr/local/texlive/
2023/texmf-dist/fonts/type1/public/xypic/xybsql10.pfb></usr/local/texlive/2023/
texmf-dist/fonts/type1/public/xypic/xycmat10.pfb></usr/local/texlive/2023/texmf
-dist/fonts/type1/public/xypic/xycmbt10.pfb></usr/local/texlive/2023/texmf-dist
/fonts/type1/public/xypic/xydash10.pfb>
Output written on georep-min.pdf (140 pages, 1584277 bytes).
PDF statistics:
 620 PDF objects out of 1000 (max. 8388607)
 402 compressed objects within 5 object streams
 0 named destinations out of 1000 (max. 500000)
 48 words of extra memory for PDF output out of 10000 (max. 10000000)

